[2024-05-28 14:00:35Z INFO HostContext] No proxy settings were found based on environmental variables (http_proxy/https_proxy/HTTP_PROXY/HTTPS_PROXY)
[2024-05-28 14:00:35Z INFO HostContext] Well known directory 'Bin': '/Users/majatalevska/dockerrr/new/python-greetings/runner/actions-runner/bin'
[2024-05-28 14:00:35Z INFO HostContext] Well known directory 'Root': '/Users/majatalevska/dockerrr/new/python-greetings/runner/actions-runner'
[2024-05-28 14:00:35Z INFO HostContext] Well known config file 'Credentials': '/Users/majatalevska/dockerrr/new/python-greetings/runner/actions-runner/.credentials'
[2024-05-28 14:00:35Z INFO HostContext] Well known directory 'Bin': '/Users/majatalevska/dockerrr/new/python-greetings/runner/actions-runner/bin'
[2024-05-28 14:00:35Z INFO HostContext] Well known directory 'Root': '/Users/majatalevska/dockerrr/new/python-greetings/runner/actions-runner'
[2024-05-28 14:00:35Z INFO HostContext] Well known config file 'Runner': '/Users/majatalevska/dockerrr/new/python-greetings/runner/actions-runner/.runner'
[2024-05-28 14:00:35Z INFO Listener] Runner is built for OSX (X64) - osx-x64.
[2024-05-28 14:00:35Z INFO Listener] RuntimeInformation: Darwin 22.6.0 Darwin Kernel Version 22.6.0: Wed Jul  5 22:22:52 PDT 2023; root:xnu-8796.141.3~6/RELEASE_ARM64_T8103.
[2024-05-28 14:00:36Z INFO Listener] Version: 2.316.1
[2024-05-28 14:00:36Z INFO Listener] Commit: 9ac138d10eac15c71493f004f1b1bc919ead40de
[2024-05-28 14:00:36Z INFO Listener] Culture: en-GB
[2024-05-28 14:00:36Z INFO Listener] UI Culture: en-GB
[2024-05-28 14:00:36Z INFO HostContext] Well known directory 'Bin': '/Users/majatalevska/dockerrr/new/python-greetings/runner/actions-runner/bin'
[2024-05-28 14:00:36Z INFO HostContext] Well known directory 'Root': '/Users/majatalevska/dockerrr/new/python-greetings/runner/actions-runner'
[2024-05-28 14:00:36Z INFO Listener] Validating directory permissions for: '/Users/majatalevska/dockerrr/new/python-greetings/runner/actions-runner'
[2024-05-28 14:00:36Z INFO CommandLineParser] Parse
[2024-05-28 14:00:36Z INFO CommandLineParser] Parsing 5 args
[2024-05-28 14:00:36Z INFO CommandLineParser] parsing argument
[2024-05-28 14:00:36Z INFO CommandLineParser] HasArgs: False
[2024-05-28 14:00:36Z INFO CommandLineParser] Adding Command: configure
[2024-05-28 14:00:36Z INFO CommandLineParser] parsing argument
[2024-05-28 14:00:36Z INFO CommandLineParser] HasArgs: True
[2024-05-28 14:00:36Z INFO CommandLineParser] arg: url
[2024-05-28 14:00:36Z INFO CommandLineParser] parsing argument
[2024-05-28 14:00:36Z INFO CommandLineParser] HasArgs: True
[2024-05-28 14:00:36Z INFO CommandLineParser] Adding option 'url': 'https://github.com/TalevskaMaja/python-greetings'
[2024-05-28 14:00:36Z INFO CommandLineParser] parsing argument
[2024-05-28 14:00:36Z INFO CommandLineParser] HasArgs: True
[2024-05-28 14:00:36Z INFO CommandLineParser] arg: token
[2024-05-28 14:00:36Z INFO CommandLineParser] parsing argument
[2024-05-28 14:00:36Z INFO CommandLineParser] HasArgs: True
[2024-05-28 14:00:36Z INFO CommandLineParser] Adding option 'token': '***'
[2024-05-28 14:00:36Z INFO Listener] Arguments parsed
[2024-05-28 14:00:36Z INFO Runner] ExecuteCommand
[2024-05-28 14:00:36Z INFO ConfigurationStore] currentAssemblyLocation: /Users/majatalevska/dockerrr/new/python-greetings/runner/actions-runner/bin/Runner.Listener.dll
[2024-05-28 14:00:36Z INFO HostContext] Well known directory 'Bin': '/Users/majatalevska/dockerrr/new/python-greetings/runner/actions-runner/bin'
[2024-05-28 14:00:36Z INFO ConfigurationStore] binPath: /Users/majatalevska/dockerrr/new/python-greetings/runner/actions-runner/bin
[2024-05-28 14:00:36Z INFO HostContext] Well known directory 'Bin': '/Users/majatalevska/dockerrr/new/python-greetings/runner/actions-runner/bin'
[2024-05-28 14:00:36Z INFO HostContext] Well known directory 'Root': '/Users/majatalevska/dockerrr/new/python-greetings/runner/actions-runner'
[2024-05-28 14:00:36Z INFO ConfigurationStore] RootFolder: /Users/majatalevska/dockerrr/new/python-greetings/runner/actions-runner
[2024-05-28 14:00:36Z INFO HostContext] Well known directory 'Bin': '/Users/majatalevska/dockerrr/new/python-greetings/runner/actions-runner/bin'
[2024-05-28 14:00:36Z INFO HostContext] Well known directory 'Root': '/Users/majatalevska/dockerrr/new/python-greetings/runner/actions-runner'
[2024-05-28 14:00:36Z INFO HostContext] Well known config file 'Runner': '/Users/majatalevska/dockerrr/new/python-greetings/runner/actions-runner/.runner'
[2024-05-28 14:00:36Z INFO ConfigurationStore] ConfigFilePath: /Users/majatalevska/dockerrr/new/python-greetings/runner/actions-runner/.runner
[2024-05-28 14:00:36Z INFO HostContext] Well known directory 'Bin': '/Users/majatalevska/dockerrr/new/python-greetings/runner/actions-runner/bin'
[2024-05-28 14:00:36Z INFO HostContext] Well known directory 'Root': '/Users/majatalevska/dockerrr/new/python-greetings/runner/actions-runner'
[2024-05-28 14:00:36Z INFO HostContext] Well known config file 'Credentials': '/Users/majatalevska/dockerrr/new/python-greetings/runner/actions-runner/.credentials'
[2024-05-28 14:00:36Z INFO ConfigurationStore] CredFilePath: /Users/majatalevska/dockerrr/new/python-greetings/runner/actions-runner/.credentials
[2024-05-28 14:00:36Z INFO HostContext] Well known directory 'Bin': '/Users/majatalevska/dockerrr/new/python-greetings/runner/actions-runner/bin'
[2024-05-28 14:00:36Z INFO HostContext] Well known directory 'Root': '/Users/majatalevska/dockerrr/new/python-greetings/runner/actions-runner'
[2024-05-28 14:00:36Z INFO HostContext] Well known config file 'MigratedCredentials': '/Users/majatalevska/dockerrr/new/python-greetings/runner/actions-runner/.credentials_migrated'
[2024-05-28 14:00:36Z INFO ConfigurationStore] MigratedCredFilePath: /Users/majatalevska/dockerrr/new/python-greetings/runner/actions-runner/.credentials_migrated
[2024-05-28 14:00:36Z INFO HostContext] Well known directory 'Bin': '/Users/majatalevska/dockerrr/new/python-greetings/runner/actions-runner/bin'
[2024-05-28 14:00:36Z INFO HostContext] Well known directory 'Root': '/Users/majatalevska/dockerrr/new/python-greetings/runner/actions-runner'
[2024-05-28 14:00:36Z INFO HostContext] Well known config file 'Service': '/Users/majatalevska/dockerrr/new/python-greetings/runner/actions-runner/.service'
[2024-05-28 14:00:36Z INFO ConfigurationStore] ServiceConfigFilePath: /Users/majatalevska/dockerrr/new/python-greetings/runner/actions-runner/.service
[2024-05-28 14:00:36Z INFO CommandSettings] Flag 'help': 'False'
[2024-05-28 14:00:36Z INFO CommandSettings] Flag 'version': 'False'
[2024-05-28 14:00:36Z INFO CommandSettings] Flag 'commit': 'False'
[2024-05-28 14:00:36Z INFO CommandSettings] Flag 'check': 'False'
[2024-05-28 14:00:36Z INFO CommandSettings] Command 'configure': 'True'
[2024-05-28 14:00:36Z INFO Terminal] WRITE LINE: 
[2024-05-28 14:00:36Z INFO Terminal] WRITE LINE: --------------------------------------------------------------------------------
[2024-05-28 14:00:36Z INFO Terminal] WRITE LINE: |        ____ _ _   _   _       _          _        _   _                      |
[2024-05-28 14:00:36Z INFO Terminal] WRITE LINE: |       / ___(_) |_| | | |_   _| |__      / \   ___| |_(_) ___  _ __  ___      |
[2024-05-28 14:00:36Z INFO Terminal] WRITE LINE: |      | |  _| | __| |_| | | | | '_ \    / _ \ / __| __| |/ _ \| '_ \/ __|     |
[2024-05-28 14:00:36Z INFO Terminal] WRITE LINE: |      | |_| | | |_|  _  | |_| | |_) |  / ___ \ (__| |_| | (_) | | | \__ \     |
[2024-05-28 14:00:36Z INFO Terminal] WRITE LINE: |       \____|_|\__|_| |_|\__,_|_.__/  /_/   \_\___|\__|_|\___/|_| |_|___/     |
[2024-05-28 14:00:36Z INFO Terminal] WRITE LINE: |                                                                              |
[2024-05-28 14:00:36Z INFO Terminal] WRITE: |                       
[2024-05-28 14:00:36Z INFO Terminal] WRITE: Self-hosted runner registration
[2024-05-28 14:00:36Z INFO Terminal] WRITE LINE:                         |
[2024-05-28 14:00:36Z INFO Terminal] WRITE LINE: |                                                                              |
[2024-05-28 14:00:36Z INFO Terminal] WRITE LINE: --------------------------------------------------------------------------------
[2024-05-28 14:00:36Z INFO ConfigurationManager] ConfigureAsync
[2024-05-28 14:00:36Z INFO CommandSettings] Flag 'generateServiceConfig': 'False'
[2024-05-28 14:00:36Z INFO ConfigurationStore] IsConfigured()
[2024-05-28 14:00:36Z INFO ConfigurationStore] IsConfigured: False
[2024-05-28 14:00:36Z INFO ConfigurationManager] Is configured: False
[2024-05-28 14:00:36Z INFO CommandSettings] Arg 'url': 'https://github.com/TalevskaMaja/python-greetings'
[2024-05-28 14:00:36Z INFO CommandSettings] Remove url from Arg dictionary.
[2024-05-28 14:00:36Z INFO CommandSettings] Arg 'token': '***'
[2024-05-28 14:00:36Z INFO CommandSettings] Remove token from Arg dictionary.
[2024-05-28 14:00:39Z INFO ConfigurationManager] Http response code: OK from 'POST https://api.github.com/actions/runner-registration' (FAC8:3A5694:1EA776F1:1ED208B2:6655E386)
[2024-05-28 14:00:39Z INFO ConfigurationManager] Using V2 flow: False
[2024-05-28 14:00:39Z INFO ConfigurationManager] cred retrieved via GitHub auth
[2024-05-28 14:00:39Z INFO RunnerServer] EstablishVssConnection
[2024-05-28 14:00:39Z INFO RunnerServer] Establish connection with 100 seconds timeout.
[2024-05-28 14:00:39Z INFO GitHubActionsService] Starting operation Location.GetConnectionData
[2024-05-28 14:00:39Z INFO RunnerServer] EstablishVssConnection
[2024-05-28 14:00:39Z INFO RunnerServer] Establish connection with 60 seconds timeout.
[2024-05-28 14:00:39Z INFO GitHubActionsService] Starting operation Location.GetConnectionData
[2024-05-28 14:00:39Z INFO RunnerServer] EstablishVssConnection
[2024-05-28 14:00:39Z INFO RunnerServer] Establish connection with 60 seconds timeout.
[2024-05-28 14:00:39Z INFO GitHubActionsService] Starting operation Location.GetConnectionData
[2024-05-28 14:00:41Z INFO GitHubActionsService] Finished operation Location.GetConnectionData
[2024-05-28 14:00:41Z INFO GitHubActionsService] Finished operation Location.GetConnectionData
[2024-05-28 14:00:41Z INFO GitHubActionsService] Finished operation Location.GetConnectionData
[2024-05-28 14:00:41Z INFO Terminal] WRITE LINE: 
[2024-05-28 14:00:41Z INFO ConfigurationManager] Test Connection complete.
[2024-05-28 14:00:41Z INFO HostContext] Well known directory 'Bin': '/Users/majatalevska/dockerrr/new/python-greetings/runner/actions-runner/bin'
[2024-05-28 14:00:41Z INFO HostContext] Well known directory 'Root': '/Users/majatalevska/dockerrr/new/python-greetings/runner/actions-runner'
[2024-05-28 14:00:41Z INFO HostContext] Well known config file 'RSACredentials': '/Users/majatalevska/dockerrr/new/python-greetings/runner/actions-runner/.credentials_rsaparams'
[2024-05-28 14:00:41Z INFO RSAFileKeyManager] Creating new RSA key using 2048-bit key length
[2024-05-28 14:00:42Z INFO RSAFileKeyManager] Successfully saved RSA key parameters to file /Users/majatalevska/dockerrr/new/python-greetings/runner/actions-runner/.credentials_rsaparams
[2024-05-28 14:00:42Z INFO RSAFileKeyManager] Which2: 'chmod'
[2024-05-28 14:00:42Z INFO RSAFileKeyManager] Location: '/bin/chmod'
[2024-05-28 14:00:42Z INFO HostContext] Well known directory 'Bin': '/Users/majatalevska/dockerrr/new/python-greetings/runner/actions-runner/bin'
[2024-05-28 14:00:42Z INFO HostContext] Well known directory 'Root': '/Users/majatalevska/dockerrr/new/python-greetings/runner/actions-runner'
[2024-05-28 14:00:42Z INFO ProcessInvokerWrapper] Starting process:
[2024-05-28 14:00:42Z INFO ProcessInvokerWrapper]   File name: '/bin/chmod'
[2024-05-28 14:00:42Z INFO ProcessInvokerWrapper]   Arguments: '600 /Users/majatalevska/dockerrr/new/python-greetings/runner/actions-runner/.credentials_rsaparams'
[2024-05-28 14:00:42Z INFO ProcessInvokerWrapper]   Working directory: '/Users/majatalevska/dockerrr/new/python-greetings/runner/actions-runner'
[2024-05-28 14:00:42Z INFO ProcessInvokerWrapper]   Require exit code zero: 'False'
[2024-05-28 14:00:42Z INFO ProcessInvokerWrapper]   Encoding web name:  ; code page: ''
[2024-05-28 14:00:42Z INFO ProcessInvokerWrapper]   Force kill process on cancellation: 'False'
[2024-05-28 14:00:42Z INFO ProcessInvokerWrapper]   Redirected STDIN: 'False'
[2024-05-28 14:00:42Z INFO ProcessInvokerWrapper]   Persist current code page: 'False'
[2024-05-28 14:00:42Z INFO ProcessInvokerWrapper]   Keep redirected STDIN open: 'False'
[2024-05-28 14:00:42Z INFO ProcessInvokerWrapper]   High priority process: 'False'
[2024-05-28 14:00:42Z INFO ProcessInvokerWrapper] Process started with process id 87787, waiting for process exit.
[2024-05-28 14:00:42Z INFO ProcessInvokerWrapper] STDOUT/STDERR stream read finished.
[2024-05-28 14:00:42Z INFO ProcessInvokerWrapper] STDOUT/STDERR stream read finished.
[2024-05-28 14:00:42Z INFO ProcessInvokerWrapper] Finished process 87787 with exit code 0, and elapsed time 00:00:00.1845118.
[2024-05-28 14:00:42Z INFO RSAFileKeyManager] Successfully set permissions for RSA key parameters file /Users/majatalevska/dockerrr/new/python-greetings/runner/actions-runner/.credentials_rsaparams
[2024-05-28 14:00:42Z INFO CommandSettings] Arg 'runnergroup': ''
[2024-05-28 14:00:42Z INFO CommandSettings] Flag 'unattended': 'False'
[2024-05-28 14:00:42Z INFO PromptManager] ReadValue
[2024-05-28 14:00:42Z INFO Terminal] WRITE: Enter the name of the runner group to add this runner to: 
[2024-05-28 14:00:42Z INFO Terminal] WRITE: [press Enter for Default] 
[2024-05-28 14:00:42Z INFO Terminal] READ LINE
[2024-05-28 14:00:56Z INFO Terminal] Read value: 'Pipleline Runner'
[2024-05-28 14:00:56Z INFO Terminal] WRITE LINE: 
[2024-05-28 14:00:56Z ERR  Runner] GitHub.DistributedTask.WebApi.TaskAgentPoolNotFoundException: Could not find any self-hosted runner group named "Pipleline Runner".
   at GitHub.Runner.Listener.Configuration.ConfigurationManager.ConfigureAsync(CommandSettings command)
   at GitHub.Runner.Listener.Runner.ExecuteCommand(CommandSettings command)
[2024-05-28 14:00:56Z ERR  Terminal] WRITE ERROR: Could not find any self-hosted runner group named "Pipleline Runner".
[2024-05-28 14:00:56Z INFO Listener] Runner execution has finished with return code 1
