[2024-05-28 14:01:34Z INFO HostContext] No proxy settings were found based on environmental variables (http_proxy/https_proxy/HTTP_PROXY/HTTPS_PROXY)
[2024-05-28 14:01:34Z INFO HostContext] Well known directory 'Bin': '/Users/majatalevska/dockerrr/new/python-greetings/runner/actions-runner/bin'
[2024-05-28 14:01:34Z INFO HostContext] Well known directory 'Root': '/Users/majatalevska/dockerrr/new/python-greetings/runner/actions-runner'
[2024-05-28 14:01:34Z INFO HostContext] Well known config file 'Credentials': '/Users/majatalevska/dockerrr/new/python-greetings/runner/actions-runner/.credentials'
[2024-05-28 14:01:34Z INFO HostContext] Well known directory 'Bin': '/Users/majatalevska/dockerrr/new/python-greetings/runner/actions-runner/bin'
[2024-05-28 14:01:34Z INFO HostContext] Well known directory 'Root': '/Users/majatalevska/dockerrr/new/python-greetings/runner/actions-runner'
[2024-05-28 14:01:34Z INFO HostContext] Well known config file 'Runner': '/Users/majatalevska/dockerrr/new/python-greetings/runner/actions-runner/.runner'
[2024-05-28 14:01:34Z INFO Listener] Runner is built for OSX (X64) - osx-x64.
[2024-05-28 14:01:34Z INFO Listener] RuntimeInformation: Darwin 22.6.0 Darwin Kernel Version 22.6.0: Wed Jul  5 22:22:52 PDT 2023; root:xnu-8796.141.3~6/RELEASE_ARM64_T8103.
[2024-05-28 14:01:34Z INFO Listener] Version: 2.316.1
[2024-05-28 14:01:34Z INFO Listener] Commit: 9ac138d10eac15c71493f004f1b1bc919ead40de
[2024-05-28 14:01:34Z INFO Listener] Culture: en-GB
[2024-05-28 14:01:34Z INFO Listener] UI Culture: en-GB
[2024-05-28 14:01:34Z INFO HostContext] Well known directory 'Bin': '/Users/majatalevska/dockerrr/new/python-greetings/runner/actions-runner/bin'
[2024-05-28 14:01:34Z INFO HostContext] Well known directory 'Root': '/Users/majatalevska/dockerrr/new/python-greetings/runner/actions-runner'
[2024-05-28 14:01:34Z INFO Listener] Validating directory permissions for: '/Users/majatalevska/dockerrr/new/python-greetings/runner/actions-runner'
[2024-05-28 14:01:35Z INFO CommandLineParser] Parse
[2024-05-28 14:01:35Z INFO CommandLineParser] Parsing 1 args
[2024-05-28 14:01:35Z INFO CommandLineParser] parsing argument
[2024-05-28 14:01:35Z INFO CommandLineParser] HasArgs: False
[2024-05-28 14:01:35Z INFO CommandLineParser] Adding Command: run
[2024-05-28 14:01:35Z INFO Listener] Arguments parsed
[2024-05-28 14:01:35Z INFO Runner] ExecuteCommand
[2024-05-28 14:01:35Z INFO ConfigurationStore] currentAssemblyLocation: /Users/majatalevska/dockerrr/new/python-greetings/runner/actions-runner/bin/Runner.Listener.dll
[2024-05-28 14:01:35Z INFO HostContext] Well known directory 'Bin': '/Users/majatalevska/dockerrr/new/python-greetings/runner/actions-runner/bin'
[2024-05-28 14:01:35Z INFO ConfigurationStore] binPath: /Users/majatalevska/dockerrr/new/python-greetings/runner/actions-runner/bin
[2024-05-28 14:01:35Z INFO HostContext] Well known directory 'Bin': '/Users/majatalevska/dockerrr/new/python-greetings/runner/actions-runner/bin'
[2024-05-28 14:01:35Z INFO HostContext] Well known directory 'Root': '/Users/majatalevska/dockerrr/new/python-greetings/runner/actions-runner'
[2024-05-28 14:01:35Z INFO ConfigurationStore] RootFolder: /Users/majatalevska/dockerrr/new/python-greetings/runner/actions-runner
[2024-05-28 14:01:35Z INFO HostContext] Well known directory 'Bin': '/Users/majatalevska/dockerrr/new/python-greetings/runner/actions-runner/bin'
[2024-05-28 14:01:35Z INFO HostContext] Well known directory 'Root': '/Users/majatalevska/dockerrr/new/python-greetings/runner/actions-runner'
[2024-05-28 14:01:35Z INFO HostContext] Well known config file 'Runner': '/Users/majatalevska/dockerrr/new/python-greetings/runner/actions-runner/.runner'
[2024-05-28 14:01:35Z INFO ConfigurationStore] ConfigFilePath: /Users/majatalevska/dockerrr/new/python-greetings/runner/actions-runner/.runner
[2024-05-28 14:01:35Z INFO HostContext] Well known directory 'Bin': '/Users/majatalevska/dockerrr/new/python-greetings/runner/actions-runner/bin'
[2024-05-28 14:01:35Z INFO HostContext] Well known directory 'Root': '/Users/majatalevska/dockerrr/new/python-greetings/runner/actions-runner'
[2024-05-28 14:01:35Z INFO HostContext] Well known config file 'Credentials': '/Users/majatalevska/dockerrr/new/python-greetings/runner/actions-runner/.credentials'
[2024-05-28 14:01:35Z INFO ConfigurationStore] CredFilePath: /Users/majatalevska/dockerrr/new/python-greetings/runner/actions-runner/.credentials
[2024-05-28 14:01:35Z INFO HostContext] Well known directory 'Bin': '/Users/majatalevska/dockerrr/new/python-greetings/runner/actions-runner/bin'
[2024-05-28 14:01:35Z INFO HostContext] Well known directory 'Root': '/Users/majatalevska/dockerrr/new/python-greetings/runner/actions-runner'
[2024-05-28 14:01:35Z INFO HostContext] Well known config file 'MigratedCredentials': '/Users/majatalevska/dockerrr/new/python-greetings/runner/actions-runner/.credentials_migrated'
[2024-05-28 14:01:35Z INFO ConfigurationStore] MigratedCredFilePath: /Users/majatalevska/dockerrr/new/python-greetings/runner/actions-runner/.credentials_migrated
[2024-05-28 14:01:35Z INFO HostContext] Well known directory 'Bin': '/Users/majatalevska/dockerrr/new/python-greetings/runner/actions-runner/bin'
[2024-05-28 14:01:35Z INFO HostContext] Well known directory 'Root': '/Users/majatalevska/dockerrr/new/python-greetings/runner/actions-runner'
[2024-05-28 14:01:35Z INFO HostContext] Well known config file 'Service': '/Users/majatalevska/dockerrr/new/python-greetings/runner/actions-runner/.service'
[2024-05-28 14:01:35Z INFO ConfigurationStore] ServiceConfigFilePath: /Users/majatalevska/dockerrr/new/python-greetings/runner/actions-runner/.service
[2024-05-28 14:01:35Z INFO CommandSettings] Flag 'help': 'False'
[2024-05-28 14:01:35Z INFO CommandSettings] Flag 'version': 'False'
[2024-05-28 14:01:35Z INFO CommandSettings] Flag 'commit': 'False'
[2024-05-28 14:01:35Z INFO CommandSettings] Flag 'check': 'False'
[2024-05-28 14:01:35Z INFO CommandSettings] Command 'configure': 'False'
[2024-05-28 14:01:35Z INFO CommandSettings] Command 'remove': 'False'
[2024-05-28 14:01:35Z INFO CommandSettings] Command 'warmup': 'False'
[2024-05-28 14:01:35Z INFO ConfigurationManager] LoadSettings
[2024-05-28 14:01:35Z INFO ConfigurationStore] IsConfigured()
[2024-05-28 14:01:35Z INFO ConfigurationStore] IsConfigured: True
[2024-05-28 14:01:35Z INFO ConfigurationManager] Is configured: True
[2024-05-28 14:01:35Z INFO ConfigurationStore] Read setting file: 316 chars
[2024-05-28 14:01:35Z INFO ConfigurationManager] Settings Loaded
[2024-05-28 14:01:35Z INFO ConfigurationStore] IsServiceConfigured()
[2024-05-28 14:01:35Z INFO ConfigurationStore] IsServiceConfigured: False
[2024-05-28 14:01:35Z INFO CommandSettings] Command 'run': 'True'
[2024-05-28 14:01:35Z INFO ConfigurationStore] IsConfigured()
[2024-05-28 14:01:35Z INFO ConfigurationStore] IsConfigured: True
[2024-05-28 14:01:35Z INFO ConfigurationManager] Is configured: True
[2024-05-28 14:01:35Z INFO Runner] Could not parse the argument value '' for StartupType. Defaulting to Manual
[2024-05-28 14:01:35Z INFO Runner] Set runner startup type - Manual
[2024-05-28 14:01:35Z INFO CommandSettings] Flag 'once': 'False'
[2024-05-28 14:01:35Z INFO CommandSettings] Flag 'once': 'False'
[2024-05-28 14:01:35Z INFO Runner] RunAsync
[2024-05-28 14:01:35Z INFO ConfigurationManager] LoadSettings
[2024-05-28 14:01:35Z INFO ConfigurationStore] IsConfigured()
[2024-05-28 14:01:35Z INFO ConfigurationStore] IsConfigured: True
[2024-05-28 14:01:35Z INFO ConfigurationManager] Is configured: True
[2024-05-28 14:01:35Z INFO ConfigurationManager] Settings Loaded
[2024-05-28 14:01:35Z INFO MessageListener] {
  "AgentId": 21,
  "AgentName": "Majas-MacBook-Pro-2",
  "PoolId": 1,
  "PoolName": "Default",
  "ServerUrl": "https://pipelinesghubeus11.actions.githubusercontent.com/DopHaWBIVjITMKFlduutI8rKROKvS4knqbDTpYagpoffjUiOYL/",
  "GitHubUrl": "https://github.com/TalevskaMaja/python-greetings",
  "WorkFolder": "_work"
}
[2024-05-28 14:01:35Z INFO MessageListener] Loading Credentials
[2024-05-28 14:01:35Z INFO ConfigurationStore] HasCredentials()
[2024-05-28 14:01:35Z INFO ConfigurationStore] stored True
[2024-05-28 14:01:35Z INFO CredentialManager] GetCredentialProvider
[2024-05-28 14:01:35Z INFO CredentialManager] Creating type OAuth
[2024-05-28 14:01:35Z INFO CredentialManager] Creating credential type: OAuth
[2024-05-28 14:01:35Z INFO HostContext] Well known directory 'Bin': '/Users/majatalevska/dockerrr/new/python-greetings/runner/actions-runner/bin'
[2024-05-28 14:01:35Z INFO HostContext] Well known directory 'Root': '/Users/majatalevska/dockerrr/new/python-greetings/runner/actions-runner'
[2024-05-28 14:01:35Z INFO HostContext] Well known config file 'RSACredentials': '/Users/majatalevska/dockerrr/new/python-greetings/runner/actions-runner/.credentials_rsaparams'
[2024-05-28 14:01:35Z INFO RSAFileKeyManager] Loading RSA key parameters from file /Users/majatalevska/dockerrr/new/python-greetings/runner/actions-runner/.credentials_rsaparams
[2024-05-28 14:01:35Z INFO MessageListener] Attempt to create session.
[2024-05-28 14:01:35Z INFO MessageListener] Connecting to the Runner Server...
[2024-05-28 14:01:35Z INFO RunnerServer] EstablishVssConnection
[2024-05-28 14:01:35Z INFO RunnerServer] Establish connection with 100 seconds timeout.
[2024-05-28 14:01:35Z INFO GitHubActionsService] Starting operation Location.GetConnectionData
[2024-05-28 14:01:35Z INFO RunnerServer] EstablishVssConnection
[2024-05-28 14:01:35Z INFO RunnerServer] Establish connection with 60 seconds timeout.
[2024-05-28 14:01:35Z INFO GitHubActionsService] Starting operation Location.GetConnectionData
[2024-05-28 14:01:35Z INFO RunnerServer] EstablishVssConnection
[2024-05-28 14:01:35Z INFO RunnerServer] Establish connection with 60 seconds timeout.
[2024-05-28 14:01:35Z INFO GitHubActionsService] Starting operation Location.GetConnectionData
[2024-05-28 14:01:36Z INFO GitHubActionsService] Finished operation Location.GetConnectionData
[2024-05-28 14:01:36Z INFO GitHubActionsService] Finished operation Location.GetConnectionData
[2024-05-28 14:01:36Z INFO GitHubActionsService] Finished operation Location.GetConnectionData
[2024-05-28 14:01:37Z INFO MessageListener] VssConnection created
[2024-05-28 14:01:37Z INFO Terminal] WRITE LINE: 
[2024-05-28 14:01:37Z INFO Terminal] WRITE LINE: 
[2024-05-28 14:01:37Z INFO RSAFileKeyManager] Loading RSA key parameters from file /Users/majatalevska/dockerrr/new/python-greetings/runner/actions-runner/.credentials_rsaparams
[2024-05-28 14:01:37Z INFO RSAFileKeyManager] Loading RSA key parameters from file /Users/majatalevska/dockerrr/new/python-greetings/runner/actions-runner/.credentials_rsaparams
[2024-05-28 14:01:38Z INFO GitHubActionsService] AAD Correlation ID for this token request: Unknown
[2024-05-28 14:01:38Z INFO MessageListener] Session created.
[2024-05-28 14:01:38Z INFO Terminal] WRITE LINE: Current runner version: '2.316.1'
[2024-05-28 14:01:38Z INFO Terminal] WRITE LINE: 2024-05-28 14:01:38Z: Listening for Jobs
[2024-05-28 14:01:38Z INFO JobDispatcher] Set runner/worker IPC timeout to 30 seconds.
